<?xml version="1.0" encoding="UTF-8"?>
<testsuite name="org.apache.rat.gradle.RatIntegrationSpec" tests="4" skipped="0" failures="0" errors="0" timestamp="2015-06-29T19:03:41" hostname="PCJWI02" time="7.056">
  <properties/>
  <testcase name="success" classname="org.apache.rat.gradle.RatIntegrationSpec" time="3.303"/>
  <testcase name="do not fail but report errors when rat.failOnError is false" classname="org.apache.rat.gradle.RatIntegrationSpec" time="1.273"/>
  <testcase name="fail the build when finding a file with unapproved/unknown license" classname="org.apache.rat.gradle.RatIntegrationSpec" time="1.219"/>
  <testcase name="success on custom reportPath" classname="org.apache.rat.gradle.RatIntegrationSpec" time="1.261"/>
  <system-out><![CDATA[Running test from C:\Users\jwi\afw\apache-rat\apache-rat-gradle\src\gradle\build\test\org.apache.rat.gradle.RatIntegrationSpec\success
Tooling API is using target Gradle version: 2.4.
Connected to daemon DaemonInfo{pid=4600, address=[5c53363a-d507-4659-b1a2-1dffa50647f1 port:52609, addresses:[/127.0.0.1, /0:0:0:0:0:0:0:1]], idle=true, context=DefaultDaemonContext[uid=d212589c-4897-4da2-907f-b558564afcbb,javaHome=C:\opt\jdk1.7.0_76,daemonRegistryDir=C:\Users\jwi\.gradle\daemon,pid=4600,idleTimeout=10800000,daemonOpts=-XX:MaxPermSize=256m,-XX:+HeapDumpOnOutOfMemoryError,-Xmx1024m,-Dfile.encoding=windows-1252,-Duser.country=DE,-Duser.language=de,-Duser.variant]}. Dispatching request Build{id=2eee1d36-ea1b-440c-9130-bb3e55199f5a.1, currentDir=C:\Users\jwi\afw\apache-rat\apache-rat-gradle\src\gradle}.
Received result Success[value=org.gradle.tooling.internal.provider.BuildActionResult@65808228] from daemon DaemonInfo{pid=4600, address=[5c53363a-d507-4659-b1a2-1dffa50647f1 port:52609, addresses:[/127.0.0.1, /0:0:0:0:0:0:0:1]], idle=true, context=DefaultDaemonContext[uid=d212589c-4897-4da2-907f-b558564afcbb,javaHome=C:\opt\jdk1.7.0_76,daemonRegistryDir=C:\Users\jwi\.gradle\daemon,pid=4600,idleTimeout=10800000,daemonOpts=-XX:MaxPermSize=256m,-XX:+HeapDumpOnOutOfMemoryError,-Xmx1024m,-Dfile.encoding=windows-1252,-Duser.country=DE,-Duser.language=de,-Duser.variant]}.
Running test from C:\Users\jwi\afw\apache-rat\apache-rat-gradle\src\gradle\build\test\org.apache.rat.gradle.RatIntegrationSpec\do-not-fail-but-report-errors-when-rat-failOnError-is-false
Tooling API is using target Gradle version: 2.4.
Connected to daemon DaemonInfo{pid=4600, address=[5c53363a-d507-4659-b1a2-1dffa50647f1 port:52609, addresses:[/127.0.0.1, /0:0:0:0:0:0:0:1]], idle=true, context=DefaultDaemonContext[uid=d212589c-4897-4da2-907f-b558564afcbb,javaHome=C:\opt\jdk1.7.0_76,daemonRegistryDir=C:\Users\jwi\.gradle\daemon,pid=4600,idleTimeout=10800000,daemonOpts=-XX:MaxPermSize=256m,-XX:+HeapDumpOnOutOfMemoryError,-Xmx1024m,-Dfile.encoding=windows-1252,-Duser.country=DE,-Duser.language=de,-Duser.variant]}. Dispatching request Build{id=d0d10a7f-430a-4dfc-9116-32dcf056d8c2.1, currentDir=C:\Users\jwi\afw\apache-rat\apache-rat-gradle\src\gradle}.
Received result Success[value=org.gradle.tooling.internal.provider.BuildActionResult@5ea1a89c] from daemon DaemonInfo{pid=4600, address=[5c53363a-d507-4659-b1a2-1dffa50647f1 port:52609, addresses:[/127.0.0.1, /0:0:0:0:0:0:0:1]], idle=true, context=DefaultDaemonContext[uid=d212589c-4897-4da2-907f-b558564afcbb,javaHome=C:\opt\jdk1.7.0_76,daemonRegistryDir=C:\Users\jwi\.gradle\daemon,pid=4600,idleTimeout=10800000,daemonOpts=-XX:MaxPermSize=256m,-XX:+HeapDumpOnOutOfMemoryError,-Xmx1024m,-Dfile.encoding=windows-1252,-Duser.country=DE,-Duser.language=de,-Duser.variant]}.
Running test from C:\Users\jwi\afw\apache-rat\apache-rat-gradle\src\gradle\build\test\org.apache.rat.gradle.RatIntegrationSpec\fail-the-build-when-finding-a-file-with-unapproved-unknown-license
Tooling API is using target Gradle version: 2.4.
Connected to daemon DaemonInfo{pid=4600, address=[5c53363a-d507-4659-b1a2-1dffa50647f1 port:52609, addresses:[/127.0.0.1, /0:0:0:0:0:0:0:1]], idle=true, context=DefaultDaemonContext[uid=d212589c-4897-4da2-907f-b558564afcbb,javaHome=C:\opt\jdk1.7.0_76,daemonRegistryDir=C:\Users\jwi\.gradle\daemon,pid=4600,idleTimeout=10800000,daemonOpts=-XX:MaxPermSize=256m,-XX:+HeapDumpOnOutOfMemoryError,-Xmx1024m,-Dfile.encoding=windows-1252,-Duser.country=DE,-Duser.language=de,-Duser.variant]}. Dispatching request Build{id=23e9935d-8243-459a-818d-3aee466ab8c0.1, currentDir=C:\Users\jwi\afw\apache-rat\apache-rat-gradle\src\gradle}.
Received result CommandFailure[value=org.gradle.launcher.exec.ReportedException: org.gradle.internal.exceptions.LocationAwareException: Execution failed for task ':rat'.] from daemon DaemonInfo{pid=4600, address=[5c53363a-d507-4659-b1a2-1dffa50647f1 port:52609, addresses:[/127.0.0.1, /0:0:0:0:0:0:0:1]], idle=true, context=DefaultDaemonContext[uid=d212589c-4897-4da2-907f-b558564afcbb,javaHome=C:\opt\jdk1.7.0_76,daemonRegistryDir=C:\Users\jwi\.gradle\daemon,pid=4600,idleTimeout=10800000,daemonOpts=-XX:MaxPermSize=256m,-XX:+HeapDumpOnOutOfMemoryError,-Xmx1024m,-Dfile.encoding=windows-1252,-Duser.country=DE,-Duser.language=de,-Duser.variant]}.
Running test from C:\Users\jwi\afw\apache-rat\apache-rat-gradle\src\gradle\build\test\org.apache.rat.gradle.RatIntegrationSpec\success-on-custom-reportPath
Tooling API is using target Gradle version: 2.4.
Connected to daemon DaemonInfo{pid=4600, address=[5c53363a-d507-4659-b1a2-1dffa50647f1 port:52609, addresses:[/127.0.0.1, /0:0:0:0:0:0:0:1]], idle=true, context=DefaultDaemonContext[uid=d212589c-4897-4da2-907f-b558564afcbb,javaHome=C:\opt\jdk1.7.0_76,daemonRegistryDir=C:\Users\jwi\.gradle\daemon,pid=4600,idleTimeout=10800000,daemonOpts=-XX:MaxPermSize=256m,-XX:+HeapDumpOnOutOfMemoryError,-Xmx1024m,-Dfile.encoding=windows-1252,-Duser.country=DE,-Duser.language=de,-Duser.variant]}. Dispatching request Build{id=c7e8ac4b-f7ed-4d40-9e3c-4529c8b19efe.1, currentDir=C:\Users\jwi\afw\apache-rat\apache-rat-gradle\src\gradle}.
Received result Success[value=org.gradle.tooling.internal.provider.BuildActionResult@1a80d720] from daemon DaemonInfo{pid=4600, address=[5c53363a-d507-4659-b1a2-1dffa50647f1 port:52609, addresses:[/127.0.0.1, /0:0:0:0:0:0:0:1]], idle=true, context=DefaultDaemonContext[uid=d212589c-4897-4da2-907f-b558564afcbb,javaHome=C:\opt\jdk1.7.0_76,daemonRegistryDir=C:\Users\jwi\.gradle\daemon,pid=4600,idleTimeout=10800000,daemonOpts=-XX:MaxPermSize=256m,-XX:+HeapDumpOnOutOfMemoryError,-Xmx1024m,-Dfile.encoding=windows-1252,-Duser.country=DE,-Duser.language=de,-Duser.variant]}.
]]></system-out>
  <system-err><![CDATA[]]></system-err>
</testsuite>
